0 info it worked if it ends with ok
1 verbose cli [ '/usr/bin/nodejs', '/usr/bin/npm', 'install', 'ngRoute' ]
2 info using npm@1.3.10
3 info using node@v0.10.25
4 warn package.json anota2@1.0.0 No repository field.
5 verbose readDependencies using package.json deps
6 verbose cache add [ 'ngRoute', null ]
7 verbose cache add name=undefined spec="ngRoute" args=["ngRoute",null]
8 verbose parsed url { protocol: null,
8 verbose parsed url   slashes: null,
8 verbose parsed url   auth: null,
8 verbose parsed url   host: null,
8 verbose parsed url   port: null,
8 verbose parsed url   hostname: null,
8 verbose parsed url   hash: null,
8 verbose parsed url   search: null,
8 verbose parsed url   query: null,
8 verbose parsed url   pathname: 'ngRoute',
8 verbose parsed url   path: 'ngRoute',
8 verbose parsed url   href: 'ngRoute' }
9 silly lockFile dbd4fa39-ngRoute ngRoute
10 verbose lock ngRoute /home/juan/.npm/dbd4fa39-ngRoute.lock
11 silly lockFile dbd4fa39-ngRoute ngRoute
12 silly lockFile dbd4fa39-ngRoute ngRoute
13 verbose addNamed [ 'ngRoute', '' ]
14 verbose addNamed [ null, '*' ]
15 silly lockFile c7fabb91-ngRoute ngRoute@
16 verbose lock ngRoute@ /home/juan/.npm/c7fabb91-ngRoute.lock
17 silly addNameRange { name: 'ngRoute', range: '*', hasData: false }
18 verbose url raw ngRoute
19 verbose url resolving [ 'https://registry.npmjs.org/', './ngRoute' ]
20 verbose url resolved https://registry.npmjs.org/ngRoute
21 info trying registry request attempt 1 at 17:17:52
22 http GET https://registry.npmjs.org/ngRoute
23 http 404 https://registry.npmjs.org/ngRoute
24 silly registry.get cb [ 404,
24 silly registry.get   { 'content-type': 'application/json',
24 silly registry.get     'cache-control': 'max-age=0',
24 silly registry.get     'content-length': '2',
24 silly registry.get     'accept-ranges': 'bytes',
24 silly registry.get     date: 'Sun, 13 Sep 2015 15:17:52 GMT',
24 silly registry.get     via: '1.1 varnish',
24 silly registry.get     age: '0',
24 silly registry.get     connection: 'close',
24 silly registry.get     'x-served-by': 'cache-ams4124-AMS',
24 silly registry.get     'x-cache': 'MISS',
24 silly registry.get     'x-cache-hits': '0',
24 silly registry.get     'x-timer': 'S1442157472.504662,VS0,VE384' } ]
25 silly addNameRange number 2 { name: 'ngRoute', range: '*', hasData: true }
26 silly addNameRange versions [ undefined, [] ]
27 error TypeError: Cannot read property 'latest' of undefined
27 error     at next (/usr/share/npm/lib/cache.js:687:35)
27 error     at /usr/share/npm/lib/cache.js:675:5
27 error     at saved (/usr/share/npm/node_modules/npm-registry-client/lib/get.js:142:7)
27 error     at /usr/lib/nodejs/graceful-fs/polyfills.js:133:7
27 error     at Object.oncomplete (fs.js:107:15)
28 error If you need help, you may report this log at:
28 error     <http://github.com/isaacs/npm/issues>
28 error or email it to:
28 error     <npm-@googlegroups.com>
29 error System Linux 3.16.0-34-generic
30 error command "/usr/bin/nodejs" "/usr/bin/npm" "install" "ngRoute"
31 error cwd /home/juan/Documentos/SegundoCuatrimestre1415/PDM/ButterFlyDevs/NotasRapidas
32 error node -v v0.10.25
33 error npm -v 1.3.10
34 error type non_object_property_load
35 verbose exit [ 1, true ]
